samples/RPSSample/build/outputs/logs/manifest-merger-debug-report.txt
-- Merging decision tree log ---
manifest
ADDED from samples\RPSSample\AndroidManifest.xml:22:1-59:12
	package
		ADDED from samples\RPSSample\AndroidManifest.xml:23:11-45
	android:versionName
		ADDED from samples\RPSSample\AndroidManifest.xml:25:11-36
		INJECTED from samples\RPSSample\AndroidManifest.xml
		INJECTED from samples\RPSSample\AndroidManifest.xml
	android:versionCode
		ADDED from samples\RPSSample\AndroidManifest.xml:24:11-34
		INJECTED from samples\RPSSample\AndroidManifest.xml
		INJECTED from samples\RPSSample\AndroidManifest.xml
	xmlns:android
		ADDED from samples\RPSSample\AndroidManifest.xml:22:11-69
uses-sdk
ADDED from samples\RPSSample\AndroidManifest.xml:26:5-42
MERGED from [com.facebook.android:facebook:4.2.0] AndroidManifest.xml:24:5-26:41
MERGED from [com.android.support:support-v4:22.2.1] AndroidManifest.xml:20:5-43
	android:targetSdkVersion
		INJECTED from samples\RPSSample\AndroidManifest.xml
		INJECTED from samples\RPSSample\AndroidManifest.xml
	android:minSdkVersion
		ADDED from samples\RPSSample\AndroidManifest.xml:26:15-40
		INJECTED from samples\RPSSample\AndroidManifest.xml
		INJECTED from samples\RPSSample\AndroidManifest.xml
uses-permission#android.permission.INTERNET
ADDED from samples\RPSSample\AndroidManifest.xml:27:5-66
	android:name
		ADDED from samples\RPSSample\AndroidManifest.xml:27:22-64
uses-permission#android.permission.WRITE_EXTERNAL_STORAGE
ADDED from samples\RPSSample\AndroidManifest.xml:28:5-80
	android:name
		ADDED from samples\RPSSample\AndroidManifest.xml:28:22-78
application
ADDED from samples\RPSSample\AndroidManifest.xml:29:5-58:19
MERGED from [com.facebook.android:facebook:4.2.0] AndroidManifest.xml:28:5-20
MERGED from [com.android.support:support-v4:22.2.1] AndroidManifest.xml:22:5-20
	android:label
		ADDED from samples\RPSSample\AndroidManifest.xml:29:18-50
	android:icon
		ADDED from samples\RPSSample\AndroidManifest.xml:30:18-47
	android:theme
		ADDED from samples\RPSSample\AndroidManifest.xml:31:18-65
activity#com.facebook.samples.rps.MainActivity
ADDED from samples\RPSSample\AndroidManifest.xml:33:9-47:20
	android:screenOrientation
		ADDED from samples\RPSSample\AndroidManifest.xml:35:19-55
	android:label
		ADDED from samples\RPSSample\AndroidManifest.xml:34:19-51
	android:windowSoftInputMode
		ADDED from samples\RPSSample\AndroidManifest.xml:36:19-61
	android:name
		ADDED from samples\RPSSample\AndroidManifest.xml:33:19-46
intent-filter#android.intent.action.MAIN+android.intent.category.LAUNCHER
ADDED from samples\RPSSample\AndroidManifest.xml:37:13-40:29
action#android.intent.action.MAIN
ADDED from samples\RPSSample\AndroidManifest.xml:38:17-68
	android:name
		ADDED from samples\RPSSample\AndroidManifest.xml:38:25-66
category#android.intent.category.LAUNCHER
ADDED from samples\RPSSample\AndroidManifest.xml:39:17-76
	android:name
		ADDED from samples\RPSSample\AndroidManifest.xml:39:27-74
intent-filter#android.intent.action.VIEW+android.intent.category.BROWSABLE+android.intent.category.DEFAULT
ADDED from samples\RPSSample\AndroidManifest.xml:41:13-46:29
action#android.intent.action.VIEW
ADDED from samples\RPSSample\AndroidManifest.xml:42:17-69
	android:name
		ADDED from samples\RPSSample\AndroidManifest.xml:42:25-66
category#android.intent.category.DEFAULT
ADDED from samples\RPSSample\AndroidManifest.xml:43:17-76
	android:name
		ADDED from samples\RPSSample\AndroidManifest.xml:43:27-73
category#android.intent.category.BROWSABLE
ADDED from samples\RPSSample\AndroidManifest.xml:44:17-78
	android:name
		ADDED from samples\RPSSample\AndroidManifest.xml:44:27-75
data
ADDED from samples\RPSSample\AndroidManifest.xml:45:17-69
	android:host
		ADDED from samples\RPSSample\AndroidManifest.xml:45:23-43
	android:scheme
		ADDED from samples\RPSSample\AndroidManifest.xml:45:44-66
activity#com.facebook.FacebookActivity
ADDED from samples\RPSSample\AndroidManifest.xml:48:9-51:54
	android:label
		ADDED from samples\RPSSample\AndroidManifest.xml:51:19-51
	android:configChanges
		ADDED from samples\RPSSample\AndroidManifest.xml:49:19-102
	android:theme
		ADDED from samples\RPSSample\AndroidManifest.xml:50:19-78
	android:name
		ADDED from samples\RPSSample\AndroidManifest.xml:48:19-63
meta-data#com.facebook.sdk.ApplicationId
ADDED from samples\RPSSample\AndroidManifest.xml:52:9-98
	android:value
		ADDED from samples\RPSSample\AndroidManifest.xml:52:66-96
	android:name
		ADDED from samples\RPSSample\AndroidManifest.xml:52:20-65
meta-data#com.facebook.sdk.ApplicationName
ADDED from samples\RPSSample\AndroidManifest.xml:53:9-54:64
	android:value
		ADDED from samples\RPSSample\AndroidManifest.xml:54:20-61
	android:name
		ADDED from samples\RPSSample\AndroidManifest.xml:53:20-67
provider#com.facebook.FacebookContentProvider
ADDED from samples\RPSSample\AndroidManifest.xml:55:9-57:45
	android:authorities
		ADDED from samples\RPSSample\AndroidManifest.xml:55:19-96
	android:exported
		ADDED from samples\RPSSample\AndroidManifest.xml:57:19-42
	android:name
		ADDED from samples\RPSSample\AndroidManifest.xml:56:19-70